  [1m[35m (266.9ms)[0m  [1m[35mCREATE DATABASE "music_app_development" ENCODING = 'unicode'[0m
  ↳ bin/rails:9
  [1m[35m (246.3ms)[0m  [1m[35mCREATE DATABASE "music_app_test" ENCODING = 'unicode'[0m
  ↳ bin/rails:9
  [1m[35m (6.9ms)[0m  [1m[35mCREATE TABLE "schema_migrations" ("version" character varying NOT NULL PRIMARY KEY)[0m
  ↳ bin/rails:9
  [1m[35m (3.7ms)[0m  [1m[35mCREATE TABLE "ar_internal_metadata" ("key" character varying NOT NULL PRIMARY KEY, "value" character varying, "created_at" timestamp NOT NULL, "updated_at" timestamp NOT NULL)[0m
  ↳ bin/rails:9
  [1m[35m (0.2ms)[0m  [1m[34mSELECT pg_try_advisory_lock(4505726345591715405)[0m
  ↳ bin/rails:9
  [1m[35m (0.5ms)[0m  [1m[34mSELECT "schema_migrations"."version" FROM "schema_migrations" ORDER BY "schema_migrations"."version" ASC[0m
  ↳ bin/rails:9
Migrating to CreateUsers (20181115181419)
  [1m[35m (0.1ms)[0m  [1m[35mBEGIN[0m
  ↳ bin/rails:9
  [1m[35m (4.1ms)[0m  [1m[35mCREATE TABLE "users" ("id" bigserial primary key, "email" character varying NOT NULL, "password_digest" character varying NOT NULL, "session_token" character varying NOT NULL, "created_at" timestamp NOT NULL, "updated_at" timestamp NOT NULL)[0m
  ↳ db/migrate/20181115181419_create_users.rb:3
  [1m[35m (0.9ms)[0m  [1m[35mCREATE UNIQUE INDEX  "index_users_on_email" ON "users"  ("email")[0m
  ↳ db/migrate/20181115181419_create_users.rb:9
  [1m[35m (0.8ms)[0m  [1m[35mCREATE UNIQUE INDEX  "index_users_on_session_token" ON "users"  ("session_token")[0m
  ↳ db/migrate/20181115181419_create_users.rb:10
  [1m[36mActiveRecord::SchemaMigration Create (0.4ms)[0m  [1m[32mINSERT INTO "schema_migrations" ("version") VALUES ($1) RETURNING "version"[0m  [["version", "20181115181419"]]
  ↳ bin/rails:9
  [1m[35m (1.8ms)[0m  [1m[35mCOMMIT[0m
  ↳ bin/rails:9
  [1m[36mActiveRecord::InternalMetadata Load (0.4ms)[0m  [1m[34mSELECT  "ar_internal_metadata".* FROM "ar_internal_metadata" WHERE "ar_internal_metadata"."key" = $1 LIMIT $2[0m  [["key", "environment"], ["LIMIT", 1]]
  ↳ bin/rails:9
  [1m[35m (0.1ms)[0m  [1m[35mBEGIN[0m
  ↳ bin/rails:9
  [1m[36mActiveRecord::InternalMetadata Create (0.6ms)[0m  [1m[32mINSERT INTO "ar_internal_metadata" ("key", "value", "created_at", "updated_at") VALUES ($1, $2, $3, $4) RETURNING "key"[0m  [["key", "environment"], ["value", "development"], ["created_at", "2018-11-15 18:16:30.295229"], ["updated_at", "2018-11-15 18:16:30.295229"]]
  ↳ bin/rails:9
  [1m[35m (0.3ms)[0m  [1m[35mCOMMIT[0m
  ↳ bin/rails:9
  [1m[35m (0.2ms)[0m  [1m[34mSELECT pg_advisory_unlock(4505726345591715405)[0m
  ↳ bin/rails:9
  [1m[35m (0.4ms)[0m  [1m[34mSELECT "schema_migrations"."version" FROM "schema_migrations" ORDER BY "schema_migrations"."version" ASC[0m
  ↳ bin/rails:9
Started GET "/" for 127.0.0.1 at 2018-11-15 10:59:29 -0800
  [1m[35m (0.7ms)[0m  [1m[34mSELECT "schema_migrations"."version" FROM "schema_migrations" ORDER BY "schema_migrations"."version" ASC[0m
  ↳ /Users/Christine/.rbenv/versions/2.3.1/lib/ruby/gems/2.3.0/gems/activerecord-5.2.1/lib/active_record/log_subscriber.rb:98
Processing by Rails::WelcomeController#index as HTML
  Rendering /Users/Christine/.rbenv/versions/2.3.1/lib/ruby/gems/2.3.0/gems/railties-5.2.1/lib/rails/templates/rails/welcome/index.html.erb
  Rendered /Users/Christine/.rbenv/versions/2.3.1/lib/ruby/gems/2.3.0/gems/railties-5.2.1/lib/rails/templates/rails/welcome/index.html.erb (4.1ms)
Completed 200 OK in 20ms (Views: 11.1ms | ActiveRecord: 0.0ms)


  [1m[35m (0.2ms)[0m  [1m[35mBEGIN[0m
  [1m[36mUser Create (1.0ms)[0m  [1m[32mINSERT INTO "users" ("email", "password_digest", "session_token", "created_at", "updated_at") VALUES ($1, $2, $3, $4, $5) RETURNING "id"[0m  [["email", "abc@gmail.com"], ["password_digest", "$2a$10$5QybcOsV6gVnpdUFY477eucFe9pI6hbUQmJ1uwnuaXWe0DzvnQdJq"], ["session_token", "HXNhmmUWkhY8Eb_kyB7Lbg"], ["created_at", "2018-11-15 19:16:42.967380"], ["updated_at", "2018-11-15 19:16:42.967380"]]
  [1m[35m (0.6ms)[0m  [1m[35mCOMMIT[0m
Started GET "/users/1/edit" for 127.0.0.1 at 2018-11-15 11:17:13 -0800
Processing by UsersController#edit as HTML
  Parameters: {"id"=>"1"}
Completed 406 Not Acceptable in 155165ms (ActiveRecord: 0.0ms)



ActionController::UnknownFormat - UsersController#edit is missing a template for this request format and variant.

request.formats: ["text/html"]
request.variant: []

NOTE! For XHR/Ajax or API requests, this action would normally respond with 204 No Content: an empty white screen. Since you're loading it in a web browser, we assume that you expected to actually render a template, not nothing, so we're showing an error to be extra-clear. If you expect 204 No Content, carry on. That's what you'll get from an XHR or API request. Give it a shot.:

Started POST "/__better_errors/c444c1b56a85c1a8/variables" for 127.0.0.1 at 2018-11-15 11:19:59 -0800
Started GET "/users/1/edit" for 127.0.0.1 at 2018-11-15 11:21:05 -0800
Processing by UsersController#edit as HTML
  Parameters: {"id"=>"1"}
  [1m[36mUser Load (0.6ms)[0m  [1m[34mSELECT  "users".* FROM "users" WHERE "users"."id" = $1 LIMIT $2[0m  [["id", 1], ["LIMIT", 1]]
  ↳ app/controllers/users_controller.rb:12
  Rendering users/edit.html.erb within layouts/application
  Rendered users/edit.html.erb within layouts/application (0.3ms)
Completed 200 OK in 242ms (Views: 218.7ms | ActiveRecord: 9.5ms)


Started GET "/users/1/edit" for 127.0.0.1 at 2018-11-15 11:21:52 -0800
Processing by UsersController#edit as HTML
  Parameters: {"id"=>"1"}
  [1m[36mUser Load (1.0ms)[0m  [1m[34mSELECT  "users".* FROM "users" WHERE "users"."id" = $1 LIMIT $2[0m  [["id", 1], ["LIMIT", 1]]
  ↳ app/controllers/users_controller.rb:12
  Rendering users/edit.html.erb within layouts/application
  Rendered users/edit.html.erb within layouts/application (0.5ms)
Completed 200 OK in 22ms (Views: 18.4ms | ActiveRecord: 1.0ms)


Started GET "/users/new" for 127.0.0.1 at 2018-11-15 11:27:38 -0800
Processing by UsersController#new as HTML
  Rendering users/new.html.erb within layouts/application
  Rendered users/new.html.erb within layouts/application (1.0ms)
Completed 200 OK in 11766ms (Views: 21.6ms | ActiveRecord: 0.0ms)


Started POST "/users" for 127.0.0.1 at 2018-11-15 11:28:02 -0800
Processing by UsersController#create as HTML
  Parameters: {"user"=>{"email"=>"123@gmail.com", "password"=>"[FILTERED]"}}
Can't verify CSRF token authenticity.
Completed 422 Unprocessable Entity in 1ms (ActiveRecord: 0.0ms)



ActionController::InvalidAuthenticityToken - ActionController::InvalidAuthenticityToken:

Started POST "/__better_errors/0d1f49d8d52ba212/variables" for 127.0.0.1 at 2018-11-15 11:28:02 -0800
Started GET "/users/new" for 127.0.0.1 at 2018-11-15 11:30:55 -0800
Processing by UsersController#new as HTML
  Rendering users/new.html.erb within layouts/application
  Rendered users/new.html.erb within layouts/application (0.6ms)
Completed 200 OK in 6470ms (Views: 14.5ms | ActiveRecord: 0.0ms)


Started POST "/users" for 127.0.0.1 at 2018-11-15 11:31:09 -0800
Processing by UsersController#create as HTML
  Parameters: {"authenticity_token"=>"2zWD6Umpky/PqhWZN9+n0ZQBF/+kYmIZZYRLTk+wyCM7FV3NCdxW7cRnTSP4bVYgKwFQ6OmH9BcTw7niVYKUOw==", "user"=>{"email"=>"123@gmail.com", "password"=>"[FILTERED]"}}
No template found for UsersController#create, rendering head :no_content
Completed 204 No Content in 517950ms (ActiveRecord: 0.0ms)


Started GET "/users/new" for 127.0.0.1 at 2018-11-15 11:50:02 -0800
  [1m[35m (0.7ms)[0m  [1m[34mSELECT "schema_migrations"."version" FROM "schema_migrations" ORDER BY "schema_migrations"."version" ASC[0m
  ↳ /Users/Christine/.rbenv/versions/2.3.1/lib/ruby/gems/2.3.0/gems/activerecord-5.2.1/lib/active_record/log_subscriber.rb:98
Processing by UsersController#new as HTML
  Rendering users/new.html.erb within layouts/application
  Rendered users/new.html.erb within layouts/application (2.1ms)
Completed 200 OK in 154ms (Views: 144.4ms | ActiveRecord: 0.0ms)


Started GET "/users/new" for 127.0.0.1 at 2018-11-15 11:50:30 -0800
Processing by UsersController#new as HTML
  Rendering users/new.html.erb within layouts/application
  Rendered users/new.html.erb within layouts/application (0.5ms)
Completed 200 OK in 12ms (Views: 11.7ms | ActiveRecord: 0.0ms)


Started GET "/users/new" for 127.0.0.1 at 2018-11-15 11:50:36 -0800
Processing by UsersController#new as HTML
  Rendering users/new.html.erb within layouts/application
  Rendered users/new.html.erb within layouts/application (0.7ms)
Completed 200 OK in 17ms (Views: 16.2ms | ActiveRecord: 0.0ms)


Started GET "/users/new" for 127.0.0.1 at 2018-11-15 11:51:36 -0800
Processing by UsersController#new as HTML
  Rendering users/new.html.erb within layouts/application
  Rendered users/new.html.erb within layouts/application (0.5ms)
Completed 200 OK in 13ms (Views: 12.2ms | ActiveRecord: 0.0ms)


Started POST "/users" for 127.0.0.1 at 2018-11-15 11:53:21 -0800

SyntaxError - compile error:

Started POST "/__better_errors/56098060a134ece1/variables" for 127.0.0.1 at 2018-11-15 11:53:21 -0800
Started GET "/users" for 127.0.0.1 at 2018-11-15 11:53:55 -0800

AbstractController::ActionNotFound - The action 'index' could not be found for UsersController:

Started POST "/__better_errors/c3566e79cdfcfd86/variables" for 127.0.0.1 at 2018-11-15 11:53:55 -0800
Started GET "/users" for 127.0.0.1 at 2018-11-15 11:56:04 -0800
Processing by UsersController#index as HTML
  Rendering users/index.html.erb within layouts/application
  Rendered users/index.html.erb within layouts/application (0.4ms)
Completed 200 OK in 13ms (Views: 11.9ms | ActiveRecord: 0.0ms)


Started GET "/users" for 127.0.0.1 at 2018-11-15 11:56:14 -0800
Processing by UsersController#index as HTML
  Rendering users/index.html.erb within layouts/application
  Rendered users/index.html.erb within layouts/application (0.3ms)
Completed 200 OK in 13ms (Views: 11.2ms | ActiveRecord: 0.0ms)


Started GET "/users" for 127.0.0.1 at 2018-11-15 11:57:40 -0800
Processing by UsersController#index as HTML
  Rendering users/index.html.erb within layouts/application
  Rendered users/index.html.erb within layouts/application (0.3ms)
Completed 200 OK in 13ms (Views: 11.3ms | ActiveRecord: 0.0ms)


Started GET "/users/new" for 127.0.0.1 at 2018-11-15 11:57:48 -0800
Processing by UsersController#new as HTML
  Rendering users/new.html.erb within layouts/application
  Rendered users/new.html.erb within layouts/application (0.5ms)
Completed 200 OK in 12ms (Views: 11.5ms | ActiveRecord: 0.0ms)


Started POST "/users" for 127.0.0.1 at 2018-11-15 11:57:55 -0800
Processing by UsersController#create as HTML
  Parameters: {"authenticity_token"=>"ZPtARBNMoifS7q2fQH+4v1t8VA494N2u9ZeNQjn1MQmE255gUzln5dkj9SWPzUlO5HwTGXAFS6CD0H/uI8dtEQ==", "user"=>{"email"=>"bob@gmail.com", "password"=>"[FILTERED]"}}
  [1m[35m (0.2ms)[0m  [1m[35mBEGIN[0m
  ↳ app/controllers/users_controller.rb:8
  [1m[36mUser Create (0.7ms)[0m  [1m[32mINSERT INTO "users" ("email", "password_digest", "session_token", "created_at", "updated_at") VALUES ($1, $2, $3, $4, $5) RETURNING "id"[0m  [["email", "bob@gmail.com"], ["password_digest", "$2a$10$QfAOffKdXjj7G31vDVKFue1gfZLVLnBwQgmR4JaXDEnCPYk9Et6/q"], ["session_token", "v5axqyp99m5d0WqusixfFg"], ["created_at", "2018-11-15 19:57:55.261970"], ["updated_at", "2018-11-15 19:57:55.261970"]]
  ↳ app/controllers/users_controller.rb:8
  [1m[35m (0.4ms)[0m  [1m[35mCOMMIT[0m
  ↳ app/controllers/users_controller.rb:8
Completed 500 Internal Server Error in 92ms (ActiveRecord: 9.5ms)



ActionController::UrlGenerationError - No route matches {:action=>"show", :controller=>"users", :id=>nil}, missing required keys: [:id]:
  app/controllers/users_controller.rb:9:in `create'

Started POST "/__better_errors/70c361ecc3684ef1/variables" for 127.0.0.1 at 2018-11-15 11:57:55 -0800
Started GET "/users" for 127.0.0.1 at 2018-11-15 11:58:36 -0800
Processing by UsersController#index as HTML
  Rendering users/index.html.erb within layouts/application
  Rendered users/index.html.erb within layouts/application (0.5ms)
Completed 200 OK in 16ms (Views: 14.0ms | ActiveRecord: 0.0ms)


Started GET "/users/new" for 127.0.0.1 at 2018-11-15 11:58:40 -0800
Processing by UsersController#new as HTML
  Rendering users/new.html.erb within layouts/application
  Rendered users/new.html.erb within layouts/application (0.7ms)
Completed 200 OK in 15ms (Views: 14.7ms | ActiveRecord: 0.0ms)


Started POST "/users" for 127.0.0.1 at 2018-11-15 11:58:47 -0800
Processing by UsersController#create as HTML
  Parameters: {"authenticity_token"=>"F97HvQhUR9Gm5hOBDGr/zYzJBx/40oV2gd4PYY9wv433/hmZSCGCE60rSzvD2A48M8lACLU3E3j3mf3NlULjlQ==", "user"=>{"email"=>"jane@gmail.com", "password"=>"[FILTERED]"}}
  [1m[35m (0.1ms)[0m  [1m[35mBEGIN[0m
  ↳ app/controllers/users_controller.rb:8
  [1m[36mUser Create (0.4ms)[0m  [1m[32mINSERT INTO "users" ("email", "password_digest", "session_token", "created_at", "updated_at") VALUES ($1, $2, $3, $4, $5) RETURNING "id"[0m  [["email", "jane@gmail.com"], ["password_digest", "$2a$10$bEmoYPuxr7ueKVX.AjSp6uRL9q9S51rVGqyrrCsePYbUbmkfSPgOy"], ["session_token", "rV2bSpRaIGlH39HBuZ1vyQ"], ["created_at", "2018-11-15 19:58:47.265431"], ["updated_at", "2018-11-15 19:58:47.265431"]]
  ↳ app/controllers/users_controller.rb:8
  [1m[35m (1.0ms)[0m  [1m[35mCOMMIT[0m
  ↳ app/controllers/users_controller.rb:8
Redirected to http://localhost:3000/users
Completed 302 Found in 85ms (ActiveRecord: 6.7ms)


Started GET "/users" for 127.0.0.1 at 2018-11-15 11:58:47 -0800
Processing by UsersController#index as HTML
  Rendering users/index.html.erb within layouts/application
  Rendered users/index.html.erb within layouts/application (0.3ms)
Completed 200 OK in 15ms (Views: 12.9ms | ActiveRecord: 0.0ms)


Started GET "/users/new" for 127.0.0.1 at 2018-11-15 12:03:43 -0800
Processing by UsersController#new as HTML
  Rendering users/new.html.erb within layouts/application
  Rendered users/new.html.erb within layouts/application (4.1ms)
Completed 500 Internal Server Error in 8ms (ActiveRecord: 0.0ms)



ActionController::UrlGenerationError - No route matches {:action=>"show", :controller=>"users", :id=>nil}, missing required keys: [:id]:
  app/views/users/new.html.erb:3:in `_app_views_users_new_html_erb__2152482093998437556_70123358079160'
  app/controllers/users_controller.rb:3:in `new'

Started POST "/__better_errors/548241bb5170cb80/variables" for 127.0.0.1 at 2018-11-15 12:03:44 -0800
Started POST "/__better_errors/548241bb5170cb80/eval" for 127.0.0.1 at 2018-11-15 12:04:31 -0800
Started POST "/__better_errors/548241bb5170cb80/eval" for 127.0.0.1 at 2018-11-15 12:04:38 -0800
Started POST "/__better_errors/548241bb5170cb80/eval" for 127.0.0.1 at 2018-11-15 12:04:40 -0800
Started POST "/__better_errors/548241bb5170cb80/eval" for 127.0.0.1 at 2018-11-15 12:04:42 -0800
Started GET "/users/new" for 127.0.0.1 at 2018-11-15 12:06:24 -0800
Processing by UsersController#new as HTML
  Rendering users/new.html.erb within layouts/application
  Rendered users/new.html.erb within layouts/application (0.4ms)
Completed 200 OK in 13ms (Views: 12.7ms | ActiveRecord: 0.0ms)


Started POST "/users" for 127.0.0.1 at 2018-11-15 12:06:34 -0800
Processing by UsersController#create as HTML
  Parameters: {"authenticity_token"=>"xJneiP50H1+GwK5vHyD/n5BBOzvyVJ6PWIRr1JDy+aAkuQCsvgHanY0N9tXQkg5uL0F8LL+xCIEuw5l4isCluA==", "user"=>{"email"=>"dog@gmail.com", "password"=>"[FILTERED]"}}
Completed 500 Internal Server Error in 233ms (ActiveRecord: 4.7ms)



NameError - undefined local variable or method `user' for #<UsersController:0x007f8db9242b30>
Did you mean?  @user:
  app/controllers/users_controller.rb:8:in `create'

Started POST "/__better_errors/b44725bd3b700a33/variables" for 127.0.0.1 at 2018-11-15 12:06:34 -0800
Started GET "/users" for 127.0.0.1 at 2018-11-15 12:06:52 -0800
Processing by UsersController#index as HTML
  Rendering users/index.html.erb within layouts/application
  Rendered users/index.html.erb within layouts/application (0.5ms)
Completed 200 OK in 26ms (Views: 24.2ms | ActiveRecord: 0.0ms)


Started GET "/users/new" for 127.0.0.1 at 2018-11-15 12:08:49 -0800
Processing by UsersController#new as HTML
  Rendering users/new.html.erb within layouts/application
  Rendered users/new.html.erb within layouts/application (4.1ms)
Completed 500 Internal Server Error in 9ms (ActiveRecord: 0.0ms)



ActionController::UrlGenerationError - No route matches {:action=>"show", :controller=>"users", :id=>nil}, missing required keys: [:id]:
  app/views/users/new.html.erb:3:in `_app_views_users_new_html_erb__2152482093998437556_70123357702940'
  app/controllers/users_controller.rb:3:in `new'

Started POST "/__better_errors/a7e28f1fe94775ca/variables" for 127.0.0.1 at 2018-11-15 12:08:49 -0800
Started GET "/users/new" for 127.0.0.1 at 2018-11-15 12:09:11 -0800
Processing by UsersController#new as HTML
  Rendering users/new.html.erb within layouts/application
  Rendered users/new.html.erb within layouts/application (2.0ms)
Completed 500 Internal Server Error in 6ms (ActiveRecord: 0.0ms)



ActionController::UrlGenerationError - No route matches {:action=>"show", :controller=>"users", :id=>nil}, missing required keys: [:id]:
  app/views/users/new.html.erb:3:in `_app_views_users_new_html_erb__2152482093998437556_70123357066000'
  app/controllers/users_controller.rb:3:in `new'

Started POST "/__better_errors/2ba7092fb86eef04/variables" for 127.0.0.1 at 2018-11-15 12:09:11 -0800
Started GET "/users/new" for 127.0.0.1 at 2018-11-15 12:10:12 -0800
Processing by UsersController#new as HTML
  Rendering users/new.html.erb within layouts/application
  Rendered users/new.html.erb within layouts/application (0.6ms)
Completed 200 OK in 14ms (Views: 13.4ms | ActiveRecord: 0.0ms)


Started POST "/users" for 127.0.0.1 at 2018-11-15 12:10:19 -0800
Processing by UsersController#create as HTML
  Parameters: {"authenticity_token"=>"RBAoAYboGFyB9K2XBWglg51qFwubUXlqb7zwYGnevBikMPYlxp3dnoo59S3K2tRyImpQHNa072QZ+wLMc+zgAA==", "user"=>{"email"=>"omg@gmail.com", "password"=>"[FILTERED]"}}
  [1m[35m (0.2ms)[0m  [1m[35mBEGIN[0m
  ↳ app/controllers/users_controller.rb:8
  [1m[36mUser Create (0.4ms)[0m  [1m[32mINSERT INTO "users" ("email", "password_digest", "session_token", "created_at", "updated_at") VALUES ($1, $2, $3, $4, $5) RETURNING "id"[0m  [["email", "omg@gmail.com"], ["password_digest", "$2a$10$1V9V/MLqJYiyeyKRB6ZAb.8hVoWgEVHas3cK5AlNtIorqNW36P9W."], ["session_token", "wOIJLDOFYXgNUEf6MnvUJQ"], ["created_at", "2018-11-15 20:10:19.456277"], ["updated_at", "2018-11-15 20:10:19.456277"]]
  ↳ app/controllers/users_controller.rb:8
  [1m[35m (0.9ms)[0m  [1m[35mCOMMIT[0m
  ↳ app/controllers/users_controller.rb:8
Redirected to http://localhost:3000/users
Completed 302 Found in 85ms (ActiveRecord: 6.5ms)


Started GET "/users" for 127.0.0.1 at 2018-11-15 12:10:19 -0800
Processing by UsersController#index as HTML
  Rendering users/index.html.erb within layouts/application
  Rendered users/index.html.erb within layouts/application (0.3ms)
Completed 200 OK in 15ms (Views: 13.3ms | ActiveRecord: 0.0ms)


Started GET "/users/new" for 127.0.0.1 at 2018-11-15 12:12:52 -0800
Processing by UsersController#new as HTML
  Rendering users/new.html.erb within layouts/application
  Rendered users/new.html.erb within layouts/application (0.6ms)
Completed 200 OK in 14ms (Views: 13.5ms | ActiveRecord: 0.0ms)


Started GET "/users/new" for 127.0.0.1 at 2018-11-15 12:13:09 -0800
Processing by UsersController#new as HTML
  Rendering users/new.html.erb within layouts/application
  Rendered users/new.html.erb within layouts/application (0.5ms)
Completed 200 OK in 12ms (Views: 11.4ms | ActiveRecord: 0.0ms)


Started GET "/users/new" for 127.0.0.1 at 2018-11-15 12:13:16 -0800
Processing by UsersController#new as HTML
  Rendering users/new.html.erb within layouts/application
  Rendered users/new.html.erb within layouts/application (0.7ms)
Completed 200 OK in 15ms (Views: 14.3ms | ActiveRecord: 0.0ms)


